<?xml version="1.0" encoding="UTF-8"?>
<!-- Generated by org.testng.reporters.JUnitReportReporter -->
<testsuite hostname="DESKTOP-T41P29O" failures="0" tests="1" name="webPagesTestPOM.TestRedBusSearch" time="10.006" errors="0" timestamp="2020-02-25T15:39:57 IST" skipped="0">
  <testcase classname="webPagesTestPOM.TestRedBusSearch" name="TestSearchPage" time="10.006"/>
  <system-out/>
</testsuite> <!-- webPagesTestPOM.TestRedBusSearch -->
